<?xml version="1.0" encoding="UTF-8"?>
<!-- Generated by org.testng.reporters.JUnitReportReporter -->
<testsuite skipped="0" hostname="Anbreens-MacBook-Air.local" name="Testng.TestCase1" tests="2" failures="0" timestamp="27 Jun 2019 16:40:05 GMT" time="0.028" errors="0">
  <testcase name="f" time="0.014" classname="Testng.TestCase1"/>
  <testcase name="f1" time="0.014" classname="Testng.TestCase1"/>
</testsuite> <!-- Testng.TestCase1 -->
