<?xml version="1.0" encoding="UTF-8"?>
<!-- Generated by org.testng.reporters.JUnitReportReporter -->
<testsuite skipped="0" hostname="Anbreens-MacBook-Air.local" name="Testng.Demo_Open_Cart" tests="1" failures="0" timestamp="28 Sep 2019 13:40:16 GMT" time="20.875" errors="0">
  <testcase name="f" time="20.875" classname="Testng.Demo_Open_Cart"/>
</testsuite> <!-- Testng.Demo_Open_Cart -->
